pandoc-citeproc: reference Turner-Warwick1998 not found
pandoc-citeproc: reference Garcia-SanchoFigueroa2010 not found
pandoc-citeproc: reference Garcia-Sancho2011 not found
pandoc-citeproc: reference Garcia-Sancho2011 not found
pandoc-citeproc: reference Garcia-SanchoFigueroa2010 not found
pandoc-citeproc: reference Garcia-Sancho2011 not found
pandoc-citeproc: reference van1995python not found
pandoc-citeproc: reference 2020SciPy-NMeth not found
pandoc-citeproc: reference seabold2010statsmodels not found
pandoc-citeproc: reference Olson2007 not found
pandoc-citeproc: reference Gribbin2006 not found
pandoc-citeproc: reference Garcia-SanchoFigueroa2010 not found
pandoc-citeproc: reference Garcia-Sancho2011 not found
pandoc-citeproc: reference Beard2017 not found
pandoc-citeproc: reference Imbernon1995 not found
pandoc-citeproc: reference Burdorf1999 not found
pandoc-citeproc: reference Williamson2017 not found
pandoc-citeproc: reference ATSDR2001 not found
pandoc-citeproc: reference Rodelsperger2001 not found
pandoc-citeproc: reference Dubaissi2018 not found
pandoc-citeproc: reference Adegunsoye2019 not found
pandoc-citeproc: reference Sherry2001 not found
pandoc-citeproc: reference Hunninghake2013 not found
pandoc-citeproc: reference Noth2013 not found
pandoc-citeproc: reference Sherry2001 not found
pandoc-citeproc: reference Kuschner1996 not found
pandoc-citeproc: reference van1995python not found
pandoc-citeproc: reference 2020SciPy-NMeth not found
pandoc-citeproc: reference seabold2010statsmodels not found
pandoc-citeproc: reference HSE2019 not found
pandoc-citeproc: reference Fujisawa2011 not found
pandoc-citeproc: reference Kuschner1996 not found
pandoc-citeproc: reference Kuschner1996 not found
pandoc-citeproc: reference Adair-Kirk2008 not found
pandoc-citeproc: reference Hatabu2020 not found
pandoc-citeproc: reference Hunninghake2019 not found
pandoc-citeproc: reference Adair-Kirk2008 not found
pandoc-citeproc: reference TurnerWarwick1971 not found
pandoc-citeproc: reference Turner-Warwick1998 not found
pandoc-citeproc: reference Wells2018 not found
pandoc-citeproc: reference Hunninghake2001 not found
pandoc-citeproc: reference Utz2001 not found
pandoc-citeproc: reference Lettieri2005 not found
pandoc-citeproc: reference Sporn2004 not found
pandoc-citeproc: reference Turner-Warwick1998 not found
pandoc-citeproc: reference Dupre1984 not found
pandoc-citeproc: reference Rose1981 not found
pandoc-citeproc: reference Hatabu2020 not found
pandoc-citeproc: reference Hunninghake2019 not found
